[2023-12-11 22:28:36,345: INFO: common: yaml file: config\config.yaml loaded successfully]
[2023-12-11 22:28:36,355: INFO: common: yaml file: params.yaml loaded successfully]
[2023-12-11 22:28:36,358: INFO: common: created directory at: artifacts]
[2023-12-11 22:30:16,939: INFO: common: yaml file: config\config.yaml loaded successfully]
[2023-12-11 22:30:16,941: INFO: common: yaml file: params.yaml loaded successfully]
[2023-12-11 22:30:16,943: INFO: common: created directory at: artifacts]
[2023-12-11 22:31:38,516: INFO: common: yaml file: config\config.yaml loaded successfully]
[2023-12-11 22:31:38,520: INFO: common: yaml file: params.yaml loaded successfully]
[2023-12-11 22:31:38,522: INFO: common: created directory at: artifacts]
[2023-12-11 22:37:01,509: INFO: common: yaml file: config\config.yaml loaded successfully]
[2023-12-11 22:37:01,513: INFO: common: yaml file: params.yaml loaded successfully]
[2023-12-11 22:37:01,518: INFO: common: created directory at: artifacts]
[2023-12-11 22:37:01,521: INFO: common: created directory at: artifacts/data_ingestion]
[2023-12-11 22:40:15,719: INFO: common: yaml file: config\config.yaml loaded successfully]
[2023-12-11 22:40:15,722: INFO: common: yaml file: params.yaml loaded successfully]
[2023-12-11 22:40:15,724: INFO: common: created directory at: artifacts]
[2023-12-11 22:40:15,729: INFO: common: created directory at: artifacts/data_ingestion]
[2023-12-11 22:43:49,267: INFO: common: yaml file: config\config.yaml loaded successfully]
[2023-12-11 22:43:49,269: INFO: common: yaml file: params.yaml loaded successfully]
[2023-12-11 22:43:49,271: INFO: common: created directory at: artifacts]
[2023-12-11 22:43:49,273: INFO: common: created directory at: artifacts/data_ingestion]
[2023-12-11 22:44:59,304: INFO: common: yaml file: config\config.yaml loaded successfully]
[2023-12-11 22:44:59,307: INFO: common: yaml file: params.yaml loaded successfully]
[2023-12-11 22:44:59,309: INFO: common: created directory at: artifacts]
[2023-12-11 22:44:59,311: INFO: common: created directory at: artifacts/data_ingestion]
[2023-12-11 22:45:16,904: INFO: common: yaml file: config\config.yaml loaded successfully]
[2023-12-11 22:45:16,907: INFO: common: yaml file: params.yaml loaded successfully]
[2023-12-11 22:45:16,909: INFO: common: created directory at: artifacts]
[2023-12-11 22:45:16,911: INFO: common: created directory at: artifacts/data_ingestion]
[2023-12-11 22:46:29,705: INFO: common: yaml file: config\config.yaml loaded successfully]
[2023-12-11 22:46:29,708: INFO: common: yaml file: params.yaml loaded successfully]
[2023-12-11 22:46:29,710: INFO: common: created directory at: artifacts]
[2023-12-11 22:46:29,712: INFO: common: created directory at: artifacts/data_ingestion]
[2023-12-11 22:47:42,485: INFO: common: yaml file: config\config.yaml loaded successfully]
[2023-12-11 22:47:42,488: INFO: common: yaml file: params.yaml loaded successfully]
[2023-12-11 22:47:42,490: INFO: common: created directory at: artifacts]
[2023-12-11 22:47:42,492: INFO: common: created directory at: artifacts/data_ingestion]
[2023-12-11 22:47:55,679: INFO: common: yaml file: config\config.yaml loaded successfully]
[2023-12-11 22:47:55,681: INFO: common: yaml file: params.yaml loaded successfully]
[2023-12-11 22:47:55,684: INFO: common: created directory at: artifacts]
[2023-12-11 22:47:55,686: INFO: common: created directory at: artifacts/data_ingestion]
[2023-12-11 22:48:35,844: INFO: common: yaml file: config\config.yaml loaded successfully]
[2023-12-11 22:48:35,847: INFO: common: yaml file: params.yaml loaded successfully]
[2023-12-11 22:48:35,854: INFO: common: created directory at: artifacts]
[2023-12-11 22:48:35,857: INFO: common: created directory at: artifacts/data_ingestion]
[2023-12-11 22:50:07,592: INFO: common: yaml file: config\config.yaml loaded successfully]
[2023-12-11 22:50:07,597: INFO: common: yaml file: params.yaml loaded successfully]
[2023-12-11 22:50:07,598: INFO: common: created directory at: artifacts]
[2023-12-11 22:50:07,601: INFO: common: created directory at: artifacts/data_ingestion]
[2023-12-11 22:50:07,603: INFO: 3793541231: Downloading data from https://drive.google.com/file/d/1thATOJNW2aflEWYsVo4xJ7iVX0cRwNnW/view?usp=sharing into file artifacts/data_ingestion/data.zip]
[2023-12-11 22:50:46,774: INFO: common: yaml file: config\config.yaml loaded successfully]
[2023-12-11 22:50:46,777: INFO: common: yaml file: params.yaml loaded successfully]
[2023-12-11 22:50:46,783: INFO: common: created directory at: artifacts]
[2023-12-11 22:50:46,785: INFO: common: created directory at: artifacts/data_ingestion]
[2023-12-11 22:50:46,788: INFO: 4096433944: Downloading data from https://drive.google.com/file/d/1thATOJNW2aflEWYsVo4xJ7iVX0cRwNnW/view?usp=sharing into file artifacts/data_ingestion/data.zip]
[2023-12-11 22:51:49,335: INFO: common: yaml file: config\config.yaml loaded successfully]
[2023-12-11 22:51:49,339: INFO: common: yaml file: params.yaml loaded successfully]
[2023-12-11 22:51:49,344: INFO: common: created directory at: artifacts]
[2023-12-11 22:51:49,346: INFO: common: created directory at: artifacts/data_ingestion]
[2023-12-11 22:51:49,348: INFO: 399379851: Downloading data from https://drive.google.com/file/d/1thATOJNW2aflEWYsVo4xJ7iVX0cRwNnW/view?usp=sharing into file artifacts/data_ingestion/data.zip]
[2023-12-11 22:55:08,554: INFO: 399379851: Downloaded data from https://drive.google.com/file/d/1thATOJNW2aflEWYsVo4xJ7iVX0cRwNnW/view?usp=sharing into file artifacts/data_ingestion/data.zip]
[2023-12-11 22:57:04,004: INFO: common: yaml file: config\config.yaml loaded successfully]
[2023-12-11 22:57:04,007: INFO: common: yaml file: params.yaml loaded successfully]
[2023-12-11 22:57:04,009: INFO: common: created directory at: artifacts]
[2023-12-11 22:57:04,012: INFO: common: created directory at: artifacts/data_ingestion]
[2023-12-11 22:57:04,017: INFO: 251430448: Downloading data from https://drive.google.com/file/d/1thATOJNW2aflEWYsVo4xJ7iVX0cRwNnW/view?usp=sharing into file artifacts/data_ingestion/data.zip]
[2023-12-11 22:58:40,883: INFO: 251430448: Downloaded data from https://drive.google.com/file/d/1thATOJNW2aflEWYsVo4xJ7iVX0cRwNnW/view?usp=sharing into file artifacts/data_ingestion/data.zip]
[2023-12-11 23:21:53,036: INFO: main: >>>>>>>> stage Data Ingestion stage started <<<<<<<<<]
[2023-12-11 23:21:53,039: INFO: common: yaml file: config\config.yaml loaded successfully]
[2023-12-11 23:21:53,040: INFO: common: yaml file: params.yaml loaded successfully]
[2023-12-11 23:21:53,040: INFO: common: created directory at: artifacts]
[2023-12-11 23:21:53,040: INFO: common: created directory at: artifacts/data_ingestion]
[2023-12-11 23:21:53,042: INFO: data_ingestion: Downloading data from https://drive.google.com/file/d/1thATOJNW2aflEWYsVo4xJ7iVX0cRwNnW/view?usp=sharing into file artifacts/data_ingestion/data.zip]
[2023-12-11 23:23:03,163: INFO: data_ingestion: Downloaded data from https://drive.google.com/file/d/1thATOJNW2aflEWYsVo4xJ7iVX0cRwNnW/view?usp=sharing into file artifacts/data_ingestion/data.zip]
[2023-12-11 23:23:04,140: INFO: main: >>>>>>>>> stage Data Ingestion stage completed <<<<<<<]
[2023-12-12 12:19:35,916: INFO: common: yaml file: config\config.yaml loaded successfully]
[2023-12-12 12:19:35,941: INFO: common: yaml file: params.yaml loaded successfully]
[2023-12-12 12:19:35,944: INFO: common: created directory at: artifacts]
[2023-12-12 12:19:35,946: INFO: common: created directory at: artifacts/prepare_base_model]
[2023-12-12 12:21:12,919: INFO: common: yaml file: config\config.yaml loaded successfully]
[2023-12-12 12:21:12,926: INFO: common: yaml file: params.yaml loaded successfully]
[2023-12-12 12:21:12,929: INFO: common: created directory at: artifacts]
[2023-12-12 12:21:12,931: INFO: common: created directory at: artifacts/prepare_base_model]
[2023-12-12 12:22:06,513: INFO: common: yaml file: config\config.yaml loaded successfully]
[2023-12-12 12:22:06,520: INFO: common: yaml file: params.yaml loaded successfully]
[2023-12-12 12:22:06,523: INFO: common: created directory at: artifacts]
[2023-12-12 12:22:06,526: INFO: common: created directory at: artifacts/prepare_base_model]
[2023-12-12 12:23:04,575: INFO: common: yaml file: config\config.yaml loaded successfully]
[2023-12-12 12:23:04,582: INFO: common: yaml file: params.yaml loaded successfully]
[2023-12-12 12:23:04,584: INFO: common: created directory at: artifacts]
[2023-12-12 12:23:04,585: INFO: common: created directory at: artifacts/prepare_base_model]
[2023-12-12 12:26:09,192: INFO: common: yaml file: config\config.yaml loaded successfully]
[2023-12-12 12:26:09,196: INFO: common: yaml file: params.yaml loaded successfully]
[2023-12-12 12:26:09,199: INFO: common: created directory at: artifacts]
[2023-12-12 12:26:09,201: INFO: common: created directory at: artifacts/prepare_base_model]
[2023-12-12 12:26:10,252: INFO: common: yaml file: config\config.yaml loaded successfully]
[2023-12-12 12:26:10,257: INFO: common: yaml file: params.yaml loaded successfully]
[2023-12-12 12:26:10,260: INFO: common: created directory at: artifacts]
[2023-12-12 12:26:10,262: INFO: common: created directory at: artifacts/prepare_base_model]
[2023-12-12 12:27:56,464: INFO: common: yaml file: config\config.yaml loaded successfully]
[2023-12-12 12:27:56,469: INFO: common: yaml file: params.yaml loaded successfully]
[2023-12-12 12:27:56,474: INFO: common: created directory at: artifacts]
[2023-12-12 12:27:56,476: INFO: common: created directory at: artifacts/prepare_base_model]
[2023-12-12 12:28:35,288: WARNING: saving_utils: Compiled the loaded model, but the compiled metrics have yet to be built. `model.compile_metrics` will be empty until you train or evaluate the model.]
[2023-12-12 12:30:22,996: INFO: common: yaml file: config\config.yaml loaded successfully]
[2023-12-12 12:30:23,004: INFO: common: yaml file: params.yaml loaded successfully]
[2023-12-12 12:30:23,006: INFO: common: created directory at: artifacts]
[2023-12-12 12:30:23,009: INFO: common: created directory at: artifacts/prepare_base_model]
[2023-12-12 12:30:23,500: WARNING: saving_utils: Compiled the loaded model, but the compiled metrics have yet to be built. `model.compile_metrics` will be empty until you train or evaluate the model.]
[2023-12-12 12:31:31,522: INFO: common: yaml file: config\config.yaml loaded successfully]
[2023-12-12 12:31:31,526: INFO: common: yaml file: params.yaml loaded successfully]
[2023-12-12 12:31:31,528: INFO: common: created directory at: artifacts]
[2023-12-12 12:31:31,530: INFO: common: created directory at: artifacts/prepare_base_model]
[2023-12-12 12:31:32,001: WARNING: saving_utils: Compiled the loaded model, but the compiled metrics have yet to be built. `model.compile_metrics` will be empty until you train or evaluate the model.]
[2023-12-12 12:32:24,318: INFO: common: yaml file: config\config.yaml loaded successfully]
[2023-12-12 12:32:24,325: INFO: common: yaml file: params.yaml loaded successfully]
[2023-12-12 12:32:24,328: INFO: common: created directory at: artifacts]
[2023-12-12 12:32:24,329: INFO: common: created directory at: artifacts/prepare_base_model]
[2023-12-12 12:32:24,834: WARNING: saving_utils: Compiled the loaded model, but the compiled metrics have yet to be built. `model.compile_metrics` will be empty until you train or evaluate the model.]
[2023-12-12 12:32:46,492: INFO: common: yaml file: config\config.yaml loaded successfully]
[2023-12-12 12:32:46,498: INFO: common: yaml file: params.yaml loaded successfully]
[2023-12-12 12:32:46,501: INFO: common: created directory at: artifacts]
[2023-12-12 12:32:46,503: INFO: common: created directory at: artifacts/prepare_base_model]
[2023-12-12 12:32:46,967: WARNING: saving_utils: Compiled the loaded model, but the compiled metrics have yet to be built. `model.compile_metrics` will be empty until you train or evaluate the model.]
[2023-12-12 12:33:23,894: INFO: common: yaml file: config\config.yaml loaded successfully]
[2023-12-12 12:33:23,898: INFO: common: yaml file: params.yaml loaded successfully]
[2023-12-12 12:33:23,903: INFO: common: created directory at: artifacts]
[2023-12-12 12:33:23,905: INFO: common: created directory at: artifacts/prepare_base_model]
[2023-12-12 12:33:24,388: WARNING: saving_utils: Compiled the loaded model, but the compiled metrics have yet to be built. `model.compile_metrics` will be empty until you train or evaluate the model.]
[2023-12-12 12:54:21,599: INFO: main: >>>>>>>> stage Data Ingestion stage started <<<<<<<<<]
[2023-12-12 12:54:21,606: INFO: common: yaml file: config\config.yaml loaded successfully]
[2023-12-12 12:54:21,615: INFO: common: yaml file: params.yaml loaded successfully]
[2023-12-12 12:54:21,615: INFO: common: created directory at: artifacts]
[2023-12-12 12:54:21,616: INFO: common: created directory at: artifacts/data_ingestion]
[2023-12-12 12:54:21,616: INFO: data_ingestion: Downloading data from https://drive.google.com/file/d/1thATOJNW2aflEWYsVo4xJ7iVX0cRwNnW/view?usp=sharing into file artifacts/data_ingestion/data.zip]
[2023-12-12 12:55:20,566: INFO: data_ingestion: Downloaded data from https://drive.google.com/file/d/1thATOJNW2aflEWYsVo4xJ7iVX0cRwNnW/view?usp=sharing into file artifacts/data_ingestion/data.zip]
[2023-12-12 12:55:21,551: INFO: main: >>>>>>>>> stage Data Ingestion stage completed <<<<<<<]
[2023-12-12 12:55:21,551: INFO: main: >>>>>>>> stage Prepare base model started <<<<<<<<<]
[2023-12-12 12:55:21,553: INFO: common: yaml file: config\config.yaml loaded successfully]
[2023-12-12 12:55:21,555: INFO: common: yaml file: params.yaml loaded successfully]
[2023-12-12 12:55:21,555: INFO: common: created directory at: artifacts]
[2023-12-12 12:55:21,556: INFO: common: created directory at: artifacts/prepare_base_model]
[2023-12-12 12:55:22,076: WARNING: saving_utils: Compiled the loaded model, but the compiled metrics have yet to be built. `model.compile_metrics` will be empty until you train or evaluate the model.]
[2023-12-12 12:55:22,380: INFO: main: >>>>>>>>> stage Prepare base model completed <<<<<<<]
[2023-12-12 13:27:52,342: INFO: common: yaml file: config\config.yaml loaded successfully]
[2023-12-12 13:27:52,347: INFO: common: yaml file: params.yaml loaded successfully]
[2023-12-12 13:27:52,350: INFO: common: created directory at: artifacts]
[2023-12-12 13:28:12,349: INFO: common: yaml file: config\config.yaml loaded successfully]
[2023-12-12 13:28:12,354: INFO: common: yaml file: params.yaml loaded successfully]
[2023-12-12 13:28:12,357: INFO: common: created directory at: artifacts]
[2023-12-12 13:30:59,059: INFO: common: yaml file: config\config.yaml loaded successfully]
[2023-12-12 13:30:59,064: INFO: common: yaml file: params.yaml loaded successfully]
[2023-12-12 13:30:59,066: INFO: common: created directory at: artifacts]
[2023-12-12 13:30:59,068: INFO: common: created directory at: artifacts\training]
[2023-12-12 13:33:06,870: INFO: common: yaml file: config\config.yaml loaded successfully]
[2023-12-12 13:33:06,874: INFO: common: yaml file: params.yaml loaded successfully]
[2023-12-12 13:33:06,877: INFO: common: created directory at: artifacts]
[2023-12-12 13:33:06,882: INFO: common: created directory at: artifacts\training]
[2023-12-12 13:41:42,263: INFO: common: yaml file: config\config.yaml loaded successfully]
[2023-12-12 13:41:42,267: INFO: common: yaml file: params.yaml loaded successfully]
[2023-12-12 13:41:42,268: INFO: common: created directory at: artifacts]
[2023-12-12 13:41:42,269: INFO: common: created directory at: artifacts\training]
[2023-12-12 13:44:07,695: INFO: common: yaml file: config\config.yaml loaded successfully]
[2023-12-12 13:44:07,703: INFO: common: yaml file: params.yaml loaded successfully]
[2023-12-12 13:44:07,705: INFO: common: created directory at: artifacts]
[2023-12-12 13:44:07,706: INFO: common: created directory at: artifacts\training]
[2023-12-12 13:46:22,196: INFO: common: yaml file: config\config.yaml loaded successfully]
[2023-12-12 13:46:22,199: INFO: common: yaml file: params.yaml loaded successfully]
[2023-12-12 13:46:22,201: INFO: common: created directory at: artifacts]
[2023-12-12 13:46:22,205: INFO: common: created directory at: artifacts\training]
[2023-12-12 13:46:37,344: INFO: common: yaml file: config\config.yaml loaded successfully]
[2023-12-12 13:46:37,348: INFO: common: yaml file: params.yaml loaded successfully]
[2023-12-12 13:46:37,349: INFO: common: created directory at: artifacts]
[2023-12-12 13:46:37,351: INFO: common: created directory at: artifacts\training]
[2023-12-12 13:55:07,522: INFO: common: yaml file: config\config.yaml loaded successfully]
[2023-12-12 13:55:07,528: INFO: common: yaml file: params.yaml loaded successfully]
[2023-12-12 13:55:07,531: INFO: common: created directory at: artifacts]
[2023-12-12 13:55:07,532: INFO: common: created directory at: artifacts\training]
[2023-12-12 13:55:49,099: INFO: common: yaml file: config\config.yaml loaded successfully]
[2023-12-12 13:55:49,105: INFO: common: yaml file: params.yaml loaded successfully]
[2023-12-12 13:55:49,108: INFO: common: created directory at: artifacts]
[2023-12-12 13:55:49,109: INFO: common: created directory at: artifacts\training]
[2023-12-12 14:01:34,515: INFO: common: yaml file: config\config.yaml loaded successfully]
[2023-12-12 14:01:34,520: INFO: common: yaml file: params.yaml loaded successfully]
[2023-12-12 14:01:34,522: INFO: common: created directory at: artifacts]
[2023-12-12 14:01:34,524: INFO: common: created directory at: artifacts\training]
[2023-12-12 14:04:29,558: INFO: common: yaml file: config\config.yaml loaded successfully]
[2023-12-12 14:04:29,563: INFO: common: yaml file: params.yaml loaded successfully]
[2023-12-12 14:04:29,565: INFO: common: created directory at: artifacts]
[2023-12-12 14:04:29,567: INFO: common: created directory at: artifacts\training]
[2023-12-12 14:06:27,652: INFO: common: yaml file: config\config.yaml loaded successfully]
[2023-12-12 14:06:27,655: INFO: common: yaml file: params.yaml loaded successfully]
[2023-12-12 14:06:27,656: INFO: common: created directory at: artifacts]
[2023-12-12 14:06:27,658: INFO: common: created directory at: artifacts\training]
[2023-12-12 15:44:37,156: INFO: main: >>>>>>>> stage Data Ingestion stage started <<<<<<<<<]
[2023-12-12 15:44:37,163: INFO: common: yaml file: config\config.yaml loaded successfully]
[2023-12-12 15:44:37,164: INFO: common: yaml file: params.yaml loaded successfully]
[2023-12-12 15:44:37,165: INFO: common: created directory at: artifacts]
[2023-12-12 15:44:37,165: INFO: common: created directory at: artifacts/data_ingestion]
[2023-12-12 15:44:37,166: INFO: data_ingestion: Downloading data from https://drive.google.com/file/d/1thATOJNW2aflEWYsVo4xJ7iVX0cRwNnW/view?usp=sharing into file artifacts/data_ingestion/data.zip]
[2023-12-12 15:45:35,192: INFO: data_ingestion: Downloaded data from https://drive.google.com/file/d/1thATOJNW2aflEWYsVo4xJ7iVX0cRwNnW/view?usp=sharing into file artifacts/data_ingestion/data.zip]
[2023-12-12 15:45:36,252: INFO: main: >>>>>>>>> stage Data Ingestion stage completed <<<<<<<]
[2023-12-12 15:45:36,253: INFO: main: >>>>>>>> stage Prepare base model started <<<<<<<<<]
[2023-12-12 15:45:36,256: INFO: common: yaml file: config\config.yaml loaded successfully]
[2023-12-12 15:45:36,258: INFO: common: yaml file: params.yaml loaded successfully]
[2023-12-12 15:45:36,258: INFO: common: created directory at: artifacts]
[2023-12-12 15:45:36,258: INFO: common: created directory at: artifacts/prepare_base_model]
[2023-12-12 15:45:36,754: WARNING: saving_utils: Compiled the loaded model, but the compiled metrics have yet to be built. `model.compile_metrics` will be empty until you train or evaluate the model.]
[2023-12-12 15:45:37,100: INFO: main: >>>>>>>>> stage Prepare base model completed <<<<<<<]
[2023-12-12 15:45:37,100: INFO: main: >>>>>>>> stage Training started <<<<<<<<<]
[2023-12-12 15:45:37,103: INFO: common: yaml file: config\config.yaml loaded successfully]
[2023-12-12 15:45:37,104: INFO: common: yaml file: params.yaml loaded successfully]
[2023-12-12 15:45:37,105: INFO: common: created directory at: artifacts]
[2023-12-12 15:45:37,105: INFO: common: created directory at: artifacts\training]
[2023-12-12 15:53:24,120: INFO: main: >>>>>>>>> stage Training completed <<<<<<<]
[2023-12-12 16:36:41,940: INFO: common: yaml file: config\config.yaml loaded successfully]
[2023-12-12 16:36:41,947: INFO: common: yaml file: params.yaml loaded successfully]
[2023-12-12 16:36:41,949: INFO: common: created directory at: artifacts]
[2023-12-12 16:37:46,559: INFO: common: yaml file: config\config.yaml loaded successfully]
[2023-12-12 16:37:46,565: INFO: common: yaml file: params.yaml loaded successfully]
[2023-12-12 16:37:46,568: INFO: common: created directory at: artifacts]
[2023-12-12 16:38:23,727: INFO: common: yaml file: config\config.yaml loaded successfully]
[2023-12-12 16:38:23,736: INFO: common: yaml file: params.yaml loaded successfully]
[2023-12-12 16:38:23,738: INFO: common: created directory at: artifacts]
[2023-12-12 16:39:42,275: INFO: common: yaml file: config\config.yaml loaded successfully]
[2023-12-12 16:39:42,286: INFO: common: yaml file: params.yaml loaded successfully]
[2023-12-12 16:39:42,290: INFO: common: created directory at: artifacts]
[2023-12-12 16:46:42,872: INFO: common: yaml file: config\config.yaml loaded successfully]
[2023-12-12 16:46:42,877: INFO: common: yaml file: params.yaml loaded successfully]
[2023-12-12 16:46:42,885: INFO: common: created directory at: artifacts]
[2023-12-12 16:51:48,645: INFO: common: yaml file: config\config.yaml loaded successfully]
[2023-12-12 16:51:48,663: INFO: common: yaml file: params.yaml loaded successfully]
[2023-12-12 16:51:48,666: INFO: common: created directory at: artifacts]
[2023-12-12 16:56:18,183: INFO: common: yaml file: config\config.yaml loaded successfully]
[2023-12-12 16:56:18,187: INFO: common: yaml file: params.yaml loaded successfully]
[2023-12-12 16:56:18,189: INFO: common: created directory at: artifacts]
[2023-12-12 17:16:25,229: INFO: main: >>>>>>>> stage Data Ingestion stage started <<<<<<<<<]
[2023-12-12 17:16:25,240: INFO: common: yaml file: config\config.yaml loaded successfully]
[2023-12-12 17:16:25,241: INFO: common: yaml file: params.yaml loaded successfully]
[2023-12-12 17:16:25,242: INFO: common: created directory at: artifacts]
[2023-12-12 17:16:25,242: INFO: common: created directory at: artifacts/data_ingestion]
[2023-12-12 17:16:25,242: INFO: data_ingestion: Downloading data from https://drive.google.com/file/d/1thATOJNW2aflEWYsVo4xJ7iVX0cRwNnW/view?usp=sharing into file artifacts/data_ingestion/data.zip]
[2023-12-12 17:18:22,549: INFO: data_ingestion: Downloaded data from https://drive.google.com/file/d/1thATOJNW2aflEWYsVo4xJ7iVX0cRwNnW/view?usp=sharing into file artifacts/data_ingestion/data.zip]
[2023-12-12 17:18:23,583: INFO: main: >>>>>>>>> stage Data Ingestion stage completed <<<<<<<]
[2023-12-12 17:18:23,583: INFO: main: >>>>>>>> stage Prepare base model started <<<<<<<<<]
[2023-12-12 17:18:23,587: INFO: common: yaml file: config\config.yaml loaded successfully]
[2023-12-12 17:18:23,589: INFO: common: yaml file: params.yaml loaded successfully]
[2023-12-12 17:18:23,589: INFO: common: created directory at: artifacts]
[2023-12-12 17:18:23,590: INFO: common: created directory at: artifacts/prepare_base_model]
[2023-12-12 17:18:24,120: WARNING: saving_utils: Compiled the loaded model, but the compiled metrics have yet to be built. `model.compile_metrics` will be empty until you train or evaluate the model.]
[2023-12-12 17:18:24,461: INFO: main: >>>>>>>>> stage Prepare base model completed <<<<<<<]
[2023-12-12 17:18:24,461: INFO: main: >>>>>>>> stage Training started <<<<<<<<<]
[2023-12-12 17:18:24,463: INFO: common: yaml file: config\config.yaml loaded successfully]
[2023-12-12 17:18:24,464: INFO: common: yaml file: params.yaml loaded successfully]
[2023-12-12 17:18:24,465: INFO: common: created directory at: artifacts]
[2023-12-12 17:18:24,465: INFO: common: created directory at: artifacts\training]
[2023-12-12 17:23:52,978: INFO: main: >>>>>>>>> stage Training completed <<<<<<<]
[2023-12-12 17:31:37,719: INFO: common: yaml file: config\config.yaml loaded successfully]
[2023-12-12 17:31:37,728: INFO: common: yaml file: params.yaml loaded successfully]
[2023-12-12 17:31:37,730: INFO: common: created directory at: artifacts]
[2023-12-12 17:32:21,930: INFO: common: json file saved at: scores.json]
[2023-12-12 17:32:26,355: WARNING: save: Found untraced functions such as _jit_compiled_convolution_op, _jit_compiled_convolution_op, _jit_compiled_convolution_op, _jit_compiled_convolution_op, _jit_compiled_convolution_op while saving (showing 5 of 14). These functions will not be directly callable after loading.]
[2023-12-12 17:32:26,915: INFO: builder_impl: Assets written to: C:\Users\praka\AppData\Local\Temp\tmp3yomq9mm\model\data\model\assets]
